<?xml version="1.0" encoding="UTF-8"?>
<testng-results ignored="0" total="2" passed="2" failed="0" skipped="0">
  <reporter-output>
  </reporter-output>
  <suite started-at="2024-09-11T12:36:20 GMT-05:00" name="Suite" finished-at="2024-09-11T12:36:20 GMT-05:00" duration-ms="0">
    <groups>
    </groups>
  </suite> <!-- Suite -->
  <suite started-at="2024-09-11T12:36:20 GMT-05:00" name="Suite (1)" finished-at="2024-09-11T12:36:20 GMT-05:00" duration-ms="21">
    <groups>
    </groups>
    <test started-at="2024-09-11T12:36:20 GMT-05:00" name="Test" finished-at="2024-09-11T12:36:20 GMT-05:00" duration-ms="21">
      <class name="SecondClass.LoginPage">
        <test-method signature="login()[pri:0, instance:SecondClass.LoginPage@8458f04]" started-at="2024-09-11T12:36:20 GMT-05:00" name="login" finished-at="2024-09-11T12:36:20 GMT-05:00" duration-ms="11" status="PASS">
          <reporter-output>
          </reporter-output>
        </test-method> <!-- login -->
      </class> <!-- SecondClass.LoginPage -->
    </test> <!-- Test -->
  </suite> <!-- Suite (1) -->
  <suite started-at="2024-09-11T12:36:19 GMT-05:00" name="Suite (0)" finished-at="2024-09-11T12:36:20 GMT-05:00" duration-ms="446">
    <groups>
    </groups>
    <test started-at="2024-09-11T12:36:19 GMT-05:00" name="Test" finished-at="2024-09-11T12:36:20 GMT-05:00" duration-ms="446">
      <class name="FirstClass.Registration">
        <test-method signature="Regist()[pri:0, instance:FirstClass.Registration@2e385cce]" started-at="2024-09-11T12:36:19 GMT-05:00" name="Regist" finished-at="2024-09-11T12:36:19 GMT-05:00" duration-ms="168" status="PASS">
          <reporter-output>
          </reporter-output>
        </test-method> <!-- Regist -->
      </class> <!-- FirstClass.Registration -->
    </test> <!-- Test -->
  </suite> <!-- Suite (0) -->
</testng-results>
