<?xml version="1.0" encoding="UTF-8"?>
<testng-results ignored="0" total="4" passed="4" failed="0" skipped="0">
  <reporter-output>
  </reporter-output>
  <suite started-at="2024-09-11T11:21:24 GMT-05:00" name="Default suite" finished-at="2024-09-11T11:22:04 GMT-05:00" duration-ms="39487">
    <groups>
    </groups>
    <test started-at="2024-09-11T11:21:24 GMT-05:00" name="Default test" finished-at="2024-09-11T11:22:04 GMT-05:00" duration-ms="39487">
      <class name="MavenMsc.GermanyIsCalling">
        <test-method signature="Browser()[pri:0, instance:MavenMsc.GermanyIsCalling@b4711e2]" started-at="2024-09-11T11:21:24 GMT-05:00" name="Browser" finished-at="2024-09-11T11:21:35 GMT-05:00" duration-ms="11063" status="PASS">
          <reporter-output>
          </reporter-output>
        </test-method> <!-- Browser -->
        <test-method signature="LoginSuccefull()[pri:0, instance:MavenMsc.GermanyIsCalling@b4711e2]" started-at="2024-09-11T11:21:35 GMT-05:00" name="LoginSuccefull" finished-at="2024-09-11T11:21:43 GMT-05:00" duration-ms="7945" status="PASS">
          <reporter-output>
          </reporter-output>
        </test-method> <!-- LoginSuccefull -->
        <test-method signature="Logout()[pri:0, instance:MavenMsc.GermanyIsCalling@b4711e2]" started-at="2024-09-11T11:21:43 GMT-05:00" name="Logout" finished-at="2024-09-11T11:21:46 GMT-05:00" duration-ms="3098" status="PASS">
          <reporter-output>
          </reporter-output>
        </test-method> <!-- Logout -->
        <test-method signature="UnSuccefull()[pri:0, instance:MavenMsc.GermanyIsCalling@b4711e2]" started-at="2024-09-11T11:21:46 GMT-05:00" name="UnSuccefull" finished-at="2024-09-11T11:22:04 GMT-05:00" duration-ms="17052" status="PASS">
          <reporter-output>
          </reporter-output>
        </test-method> <!-- UnSuccefull -->
      </class> <!-- MavenMsc.GermanyIsCalling -->
    </test> <!-- Default test -->
  </suite> <!-- Default suite -->
</testng-results>
